<?xml version="1.0" encoding="UTF-8"?>
<testsuites name="SEF Test Suite-1" time="70.339" tests="2" failures="0" errors="1">
   <testsuite name="SEF Test Suite-1" tests="2" failures="0" errors="1" time="70.339" timestamp="2020-11-30 16:45:47" hostname="KanakaDwaraKanath - DWARAKANATHPC10.usc.ao.dcn" id="Test Suites/SEF Test Suite-1">
      <properties>
         <property name="deviceName" value=""/>
         <property name="devicePlatform" value=""/>
         <property name="logFolder" value="C:\\Katalon\\KatalonGitTestRepo1\\Reports\\20201130_164544\\SEF Test Suite-1\\20201130_164544"/>
         <property name="logFiles" value="C:\\Katalon\\KatalonGitTestRepo1\\Reports\\20201130_164544\\SEF Test Suite-1\\20201130_164544\\execution0.log"/>
         <property name="attachments" value="C:\\Katalon\\KatalonGitTestRepo1\\Reports\\20201130_164544\\SEF Test Suite-1\\20201130_164544\\C:/Katalon/KatalonGitTestRepo1/Reports/Screenshots/LoginPageErrorMessage.png, C:\\Katalon\\KatalonGitTestRepo1\\Reports\\20201130_164544\\SEF Test Suite-1\\20201130_164544\\C:/Katalon/KatalonGitTestRepo1/Reports/Screenshots/Login_Page.png, C:\\Katalon\\KatalonGitTestRepo1\\Reports\\20201130_164544\\SEF Test Suite-1\\20201130_164544\\C:/Katalon/KatalonGitTestRepo1/Reports/Screenshots/Homepage.png"/>
         <property name="hostName" value="KanakaDwaraKanath - DWARAKANATHPC10.usc.ao.dcn"/>
         <property name="os" value="Windows 10 64bit"/>
         <property name="katalonVersion" value="7.7.2.205"/>
         <property name="browser" value="Chrome 87.0.4280.66"/>
         <property name="hostAddress" value="10.222.192.207"/>
         <property name="sessionId" value="dcb157faa05fb8278e14834e9d487fc8"/>
         <property name="seleniumVersion" value="3.141.59"/>
         <property name="proxyInformation" value="ProxyInformation { proxyOption=NO_PROXY, proxyServerType=HTTP, username=, password=********, proxyServerAddress=, proxyServerPort=0, executionList=&quot;&quot;, isApplyToDesiredCapabilities=true }"/>
         <property name="platform" value="Windows 10"/>
      </properties>
      <testcase name="Test Cases/Negative Scenario- Login Page Test Case" time="12.985" classname="Test Cases/Negative Scenario- Login Page Test Case" status="PASSED">
         <system-out><![CDATA[2020-11-30 16:45:47 - [TEST_CASE][PASSED] - Test Cases/Negative Scenario- Login Page Test Case: Test Cases/Negative Scenario- Login Page Test Case

2020-11-30 16:45:48 - [TEST_STEP][PASSED] - openBrowser("http://sefdev.jdc.ao.dcn:8181/sef/#/login"): Browser is opened with url: 'http://sefdev.jdc.ao.dcn:8181/sef/#/login'

2020-11-30 16:45:48 - [MESSAGE][INFO] - Starting 'Chrome' driver

2020-11-30 16:45:48 - [MESSAGE][INFO] - User set preference: ['useAutomationExtension', 'false']

2020-11-30 16:45:48 - [MESSAGE][INFO] - Action delay is set to 0 milliseconds

2020-11-30 16:45:56 - [MESSAGE][PASSED] - Browser is opened with url: 'http://sefdev.jdc.ao.dcn:8181/sef/#/login'

2020-11-30 16:45:56 - [TEST_STEP][PASSED] - setText(findTestObject("Login Page/UserIDTextbox"), "test"): Text 'test' is set on object 'Object Repository/Login Page/UserIDTextbox'

2020-11-30 16:45:57 - [MESSAGE][PASSED] - Text 'test' is set on object 'Object Repository/Login Page/UserIDTextbox'

2020-11-30 16:45:57 - [TEST_STEP][PASSED] - click(findTestObject("Login Page/ClearButton")): Object: 'Object Repository/Login Page/ClearButton' is clicked on

2020-11-30 16:45:57 - [MESSAGE][PASSED] - Object: 'Object Repository/Login Page/ClearButton' is clicked on

2020-11-30 16:45:57 - [TEST_STEP][PASSED] - setText(findTestObject("Login Page/UserIDTextbox"), "TEST"): Text 'TEST' is set on object 'Object Repository/Login Page/UserIDTextbox'

2020-11-30 16:45:57 - [MESSAGE][PASSED] - Text 'TEST' is set on object 'Object Repository/Login Page/UserIDTextbox'

2020-11-30 16:45:57 - [TEST_STEP][PASSED] - setText(findTestObject("Login Page/PasswordTextbox"), "testing"): Text 'testing' is set on object 'Object Repository/Login Page/PasswordTextbox'

2020-11-30 16:45:57 - [MESSAGE][PASSED] - Text 'testing' is set on object 'Object Repository/Login Page/PasswordTextbox'

2020-11-30 16:45:57 - [TEST_STEP][PASSED] - click(findTestObject("Login Page/ClearButton")): Object: 'Object Repository/Login Page/ClearButton' is clicked on

2020-11-30 16:45:58 - [MESSAGE][PASSED] - Object: 'Object Repository/Login Page/ClearButton' is clicked on

2020-11-30 16:45:58 - [TEST_STEP][PASSED] - setText(findTestObject("Login Page/UserIDTextbox"), "TEST"): Text 'TEST' is set on object 'Object Repository/Login Page/UserIDTextbox'

2020-11-30 16:45:58 - [MESSAGE][PASSED] - Text 'TEST' is set on object 'Object Repository/Login Page/UserIDTextbox'

2020-11-30 16:45:58 - [TEST_STEP][PASSED] - setText(findTestObject("Login Page/PasswordTextbox"), "testing"): Text 'testing' is set on object 'Object Repository/Login Page/PasswordTextbox'

2020-11-30 16:45:58 - [MESSAGE][PASSED] - Text 'testing' is set on object 'Object Repository/Login Page/PasswordTextbox'

2020-11-30 16:45:58 - [TEST_STEP][PASSED] - click(findTestObject("Login Page/LoginButton")): Object: 'Object Repository/Login Page/LoginButton' is clicked on

2020-11-30 16:45:58 - [MESSAGE][PASSED] - Object: 'Object Repository/Login Page/LoginButton' is clicked on

2020-11-30 16:45:58 - [TEST_STEP][PASSED] - verifyTextPresent("You entered invalid credentials. Please try again. If you forgot your password, please contact: CourtForms@ao.uscourts.gov", false): Text 'You entered invalid credentials. Please try again. If you forgot your password, please contact: CourtForms@ao.uscourts.gov' is present on page 

2020-11-30 16:45:58 - [MESSAGE][PASSED] - Text 'You entered invalid credentials. Please try again. If you forgot your password, please contact: CourtForms@ao.uscourts.gov' is present on page 

2020-11-30 16:45:58 - [TEST_STEP][PASSED] - waitForPageLoad(10): Wait for page load successfully

2020-11-30 16:45:58 - [MESSAGE][PASSED] - Wait for page load successfully

2020-11-30 16:45:58 - [TEST_STEP][PASSED] - takeScreenshot("C:/Katalon/KatalonGitTestRepo1/Reports/Screenshots/LoginPageErrorMessage.png"): Taking screenshot successfully

2020-11-30 16:45:59 - [MESSAGE][PASSED] - Taking screenshot successfully
[[ATTACHMENT|C:\\Katalon\\KatalonGitTestRepo1\\Reports\\20201130_164544\\SEF Test Suite-1\\20201130_164544\\C:/Katalon/KatalonGitTestRepo1/Reports/Screenshots/LoginPageErrorMessage.png]]

2020-11-30 16:45:59 - [TEST_STEP][PASSED] - closeBrowser(): Browser is closed

2020-11-30 16:46:00 - [MESSAGE][PASSED] - Browser is closed]]></system-out>
         <system-err><![CDATA[]]></system-err>
      </testcase>
      <testcase name="Test Cases/Home Page Test Case" time="48.869" classname="Test Cases/Home Page Test Case" status="ERROR">
         <error type="ERROR" message="Test Cases/Home Page Test Case FAILED.
Reason:
java.lang.RuntimeException: Unexpected result for screenshot command: null
	at org.openqa.selenium.remote.RemoteWebDriver.getScreenshotAs(RemoteWebDriver.java:304)
	at org.openqa.selenium.support.events.EventFiringWebDriver.lambda$new$1(EventFiringWebDriver.java:105)
	at com.sun.proxy.$Proxy9.getScreenshotAs(Unknown Source)
	at org.openqa.selenium.support.events.EventFiringWebDriver.getScreenshotAs(EventFiringWebDriver.java:302)
	at com.kms.katalon.core.webui.helper.screenshot.WebUIScreenCaptor.take(WebUIScreenCaptor.java:26)
	at com.kms.katalon.core.helper.screenshot.ScreenCaptor.takeScreenshotAndGetAttributes(ScreenCaptor.java:37)
	at com.kms.katalon.core.webui.keyword.internal.WebUIKeywordMain.stepFailed(WebUIKeywordMain.groovy:64)
	at com.kms.katalon.core.webui.keyword.internal.WebUIKeywordMain.runKeyword(WebUIKeywordMain.groovy:26)
	at com.kms.katalon.core.webui.keyword.builtin.ClickKeyword.click(ClickKeyword.groovy:76)
	at com.kms.katalon.core.webui.keyword.builtin.ClickKeyword.execute(ClickKeyword.groovy:43)
	at com.kms.katalon.core.keyword.internal.KeywordExecutor.executeKeywordForPlatform(KeywordExecutor.groovy:73)
	at com.kms.katalon.core.webui.keyword.WebUiBuiltInKeywords.click(WebUiBuiltInKeywords.groovy:617)
	at com.kms.katalon.core.webui.keyword.WebUiBuiltInKeywords$click$1.call(Unknown Source)
	at Home Page Test Case.run(Home Page Test Case:74)
	at com.kms.katalon.core.main.ScriptEngine.run(ScriptEngine.java:194)
	at com.kms.katalon.core.main.ScriptEngine.runScriptAsRawText(ScriptEngine.java:119)
	at com.kms.katalon.core.main.TestCaseExecutor.runScript(TestCaseExecutor.java:339)
	at com.kms.katalon.core.main.TestCaseExecutor.doExecute(TestCaseExecutor.java:330)
	at com.kms.katalon.core.main.TestCaseExecutor.processExecutionPhase(TestCaseExecutor.java:309)
	at com.kms.katalon.core.main.TestCaseExecutor.accessMainPhase(TestCaseExecutor.java:301)
	at com.kms.katalon.core.main.TestCaseExecutor.execute(TestCaseExecutor.java:235)
	at com.kms.katalon.core.main.TestSuiteExecutor.accessTestCaseMainPhase(TestSuiteExecutor.java:191)
	at com.kms.katalon.core.main.TestSuiteExecutor.accessTestSuiteMainPhase(TestSuiteExecutor.java:141)
	at com.kms.katalon.core.main.TestSuiteExecutor.execute(TestSuiteExecutor.java:90)
	at com.kms.katalon.core.main.TestCaseMain.startTestSuite(TestCaseMain.java:157)
	at com.kms.katalon.core.main.TestCaseMain$startTestSuite$0.call(Unknown Source)
	at TempTestSuite1606772744322.run(TempTestSuite1606772744322.groovy:39)
"/>
         <system-out><![CDATA[2020-11-30 16:46:00 - [TEST_CASE][ERROR] - Test Cases/Home Page Test Case: Test Cases/Home Page Test Case FAILED.
Reason:
java.lang.RuntimeException: Unexpected result for screenshot command: null
	at org.openqa.selenium.remote.RemoteWebDriver.getScreenshotAs(RemoteWebDriver.java:304)
	at org.openqa.selenium.support.events.EventFiringWebDriver.lambda$new$1(EventFiringWebDriver.java:105)
	at com.sun.proxy.$Proxy9.getScreenshotAs(Unknown Source)
	at org.openqa.selenium.support.events.EventFiringWebDriver.getScreenshotAs(EventFiringWebDriver.java:302)
	at com.kms.katalon.core.webui.helper.screenshot.WebUIScreenCaptor.take(WebUIScreenCaptor.java:26)
	at com.kms.katalon.core.helper.screenshot.ScreenCaptor.takeScreenshotAndGetAttributes(ScreenCaptor.java:37)
	at com.kms.katalon.core.webui.keyword.internal.WebUIKeywordMain.stepFailed(WebUIKeywordMain.groovy:64)
	at com.kms.katalon.core.webui.keyword.internal.WebUIKeywordMain.runKeyword(WebUIKeywordMain.groovy:26)
	at com.kms.katalon.core.webui.keyword.builtin.ClickKeyword.click(ClickKeyword.groovy:76)
	at com.kms.katalon.core.webui.keyword.builtin.ClickKeyword.execute(ClickKeyword.groovy:43)
	at com.kms.katalon.core.keyword.internal.KeywordExecutor.executeKeywordForPlatform(KeywordExecutor.groovy:73)
	at com.kms.katalon.core.webui.keyword.WebUiBuiltInKeywords.click(WebUiBuiltInKeywords.groovy:617)
	at com.kms.katalon.core.webui.keyword.WebUiBuiltInKeywords$click$1.call(Unknown Source)
	at Home Page Test Case.run(Home Page Test Case:74)
	at com.kms.katalon.core.main.ScriptEngine.run(ScriptEngine.java:194)
	at com.kms.katalon.core.main.ScriptEngine.runScriptAsRawText(ScriptEngine.java:119)
	at com.kms.katalon.core.main.TestCaseExecutor.runScript(TestCaseExecutor.java:339)
	at com.kms.katalon.core.main.TestCaseExecutor.doExecute(TestCaseExecutor.java:330)
	at com.kms.katalon.core.main.TestCaseExecutor.processExecutionPhase(TestCaseExecutor.java:309)
	at com.kms.katalon.core.main.TestCaseExecutor.accessMainPhase(TestCaseExecutor.java:301)
	at com.kms.katalon.core.main.TestCaseExecutor.execute(TestCaseExecutor.java:235)
	at com.kms.katalon.core.main.TestSuiteExecutor.accessTestCaseMainPhase(TestSuiteExecutor.java:191)
	at com.kms.katalon.core.main.TestSuiteExecutor.accessTestSuiteMainPhase(TestSuiteExecutor.java:141)
	at com.kms.katalon.core.main.TestSuiteExecutor.execute(TestSuiteExecutor.java:90)
	at com.kms.katalon.core.main.TestCaseMain.startTestSuite(TestCaseMain.java:157)
	at com.kms.katalon.core.main.TestCaseMain$startTestSuite$0.call(Unknown Source)
	at TempTestSuite1606772744322.run(TempTestSuite1606772744322.groovy:39)


2020-11-30 16:46:01 - [TEST_STEP][PASSED] - callTestCase(findTestCase("Login page"), [:], STOP_ON_FAILURE): Call Test Case 'Test Cases/Login page' successfully

2020-11-30 16:46:01 - [TEST_CASE][PASSED] - Test Cases/Login page: Test Cases/Login page

2020-11-30 16:46:01 - [TEST_STEP][PASSED] - openBrowser("http://sefdev.jdc.ao.dcn:8181/sef/#/login"): Browser is opened with url: 'http://sefdev.jdc.ao.dcn:8181/sef/#/login'

2020-11-30 16:46:01 - [MESSAGE][INFO] - Starting 'Chrome' driver

2020-11-30 16:46:01 - [MESSAGE][INFO] - User set preference: ['useAutomationExtension', 'false']

2020-11-30 16:46:01 - [MESSAGE][INFO] - Action delay is set to 0 milliseconds

2020-11-30 16:46:07 - [MESSAGE][PASSED] - Browser is opened with url: 'http://sefdev.jdc.ao.dcn:8181/sef/#/login'

2020-11-30 16:46:07 - [TEST_STEP][PASSED] - setText(findTestObject("Login Page/UserIDTextbox"), "SEFA"): Text 'SEFA' is set on object 'Object Repository/Login Page/UserIDTextbox'

2020-11-30 16:46:08 - [MESSAGE][PASSED] - Text 'SEFA' is set on object 'Object Repository/Login Page/UserIDTextbox'

2020-11-30 16:46:08 - [TEST_STEP][PASSED] - setText(findTestObject("Login Page/PasswordTextbox"), "automation"): Text 'automation' is set on object 'Object Repository/Login Page/PasswordTextbox'

2020-11-30 16:46:08 - [MESSAGE][PASSED] - Text 'automation' is set on object 'Object Repository/Login Page/PasswordTextbox'

2020-11-30 16:46:08 - [TEST_STEP][PASSED] - click(findTestObject("Login Page/LoginButton")): Object: 'Object Repository/Login Page/LoginButton' is clicked on

2020-11-30 16:46:09 - [MESSAGE][PASSED] - Object: 'Object Repository/Login Page/LoginButton' is clicked on

2020-11-30 16:46:09 - [TEST_STEP][PASSED] - waitForPageLoad(10): Wait for page load successfully

2020-11-30 16:46:09 - [MESSAGE][PASSED] - Wait for page load successfully

2020-11-30 16:46:09 - [TEST_STEP][PASSED] - takeScreenshot("C:/Katalon/KatalonGitTestRepo1/Reports/Screenshots/Login_Page.png"): Taking screenshot successfully

2020-11-30 16:46:09 - [MESSAGE][PASSED] - Taking screenshot successfully
[[ATTACHMENT|C:\\Katalon\\KatalonGitTestRepo1\\Reports\\20201130_164544\\SEF Test Suite-1\\20201130_164544\\C:/Katalon/KatalonGitTestRepo1/Reports/Screenshots/Login_Page.png]]

2020-11-30 16:46:09 - [MESSAGE][PASSED] - Call Test Case 'Test Cases/Login page' successfully

2020-11-30 16:46:09 - [TEST_STEP][PASSED] - verifyElementText(findTestObject("Object Repository/Home Page/SEF Title"), "Statistics Electronic Forms (SEF)", CONTINUE_ON_FAILURE): Actual text and expected text of test object 'Object Repository/Home Page/SEF Title' are matched.

2020-11-30 16:46:09 - [MESSAGE][PASSED] - Actual text and expected text of test object 'Object Repository/Home Page/SEF Title' are matched.

2020-11-30 16:46:09 - [TEST_STEP][PASSED] - waitForPageLoad(10): Wait for page load successfully

2020-11-30 16:46:09 - [MESSAGE][PASSED] - Wait for page load successfully

2020-11-30 16:46:09 - [TEST_STEP][PASSED] - takeScreenshot("C:/Katalon/KatalonGitTestRepo1/Reports/Screenshots/Homepage.png"): Taking screenshot successfully

2020-11-30 16:46:10 - [MESSAGE][PASSED] - Taking screenshot successfully
[[ATTACHMENT|C:\\Katalon\\KatalonGitTestRepo1\\Reports\\20201130_164544\\SEF Test Suite-1\\20201130_164544\\C:/Katalon/KatalonGitTestRepo1/Reports/Screenshots/Homepage.png]]

2020-11-30 16:46:10 - [TEST_STEP][PASSED] - verifyElementText(findTestObject("Object Repository/Home Page/Court of Appeals/Court of Appeals"), "Courts of Appeals"): Actual text and expected text of test object 'Object Repository/Home Page/Court of Appeals/Court of Appeals' are matched.

2020-11-30 16:46:10 - [MESSAGE][PASSED] - Actual text and expected text of test object 'Object Repository/Home Page/Court of Appeals/Court of Appeals' are matched.

2020-11-30 16:46:10 - [TEST_STEP][PASSED] - click(findTestObject("Object Repository/Home Page/Help Link")): Object: 'Object Repository/Home Page/Help Link' is clicked on

2020-11-30 16:46:10 - [MESSAGE][PASSED] - Object: 'Object Repository/Home Page/Help Link' is clicked on

2020-11-30 16:46:10 - [TEST_STEP][PASSED] - click(findTestObject("Object Repository/Home Page/Blank Worksheet/JS-11")): Object: 'Object Repository/Home Page/Blank Worksheet/JS-11' is clicked on

2020-11-30 16:46:10 - [MESSAGE][PASSED] - Object: 'Object Repository/Home Page/Blank Worksheet/JS-11' is clicked on

2020-11-30 16:46:11 - [TEST_STEP][PASSED] - click(findTestObject("Object Repository/Home Page/Blank Worksheet/JS-11G")): Object: 'Object Repository/Home Page/Blank Worksheet/JS-11G' is clicked on

2020-11-30 16:46:11 - [MESSAGE][PASSED] - Object: 'Object Repository/Home Page/Blank Worksheet/JS-11G' is clicked on

2020-11-30 16:46:11 - [TEST_STEP][PASSED] - click(findTestObject("Object Repository/Home Page/Blank Worksheet/JS-30")): Object: 'Object Repository/Home Page/Blank Worksheet/JS-30' is clicked on

2020-11-30 16:46:11 - [MESSAGE][PASSED] - Object: 'Object Repository/Home Page/Blank Worksheet/JS-30' is clicked on

2020-11-30 16:46:11 - [TEST_STEP][PASSED] - click(findTestObject("Object Repository/Home Page/Blank Worksheet/JS-31")): Object: 'Object Repository/Home Page/Blank Worksheet/JS-31' is clicked on

2020-11-30 16:46:12 - [MESSAGE][PASSED] - Object: 'Object Repository/Home Page/Blank Worksheet/JS-31' is clicked on

2020-11-30 16:46:12 - [TEST_STEP][PASSED] - click(findTestObject("Object Repository/Home Page/Blank Worksheet/JS-46")): Object: 'Object Repository/Home Page/Blank Worksheet/JS-46' is clicked on

2020-11-30 16:46:12 - [MESSAGE][PASSED] - Object: 'Object Repository/Home Page/Blank Worksheet/JS-46' is clicked on

2020-11-30 16:46:12 - [TEST_STEP][PASSED] - click(findTestObject("Object Repository/Home Page/Blank Worksheet/B-102")): Object: 'Object Repository/Home Page/Blank Worksheet/B-102' is clicked on

2020-11-30 16:46:13 - [MESSAGE][PASSED] - Object: 'Object Repository/Home Page/Blank Worksheet/B-102' is clicked on

2020-11-30 16:46:13 - [TEST_STEP][PASSED] - click(findTestObject("Home Page/Court of Appeals/Appeals Monthly Summary (JS-30)")): Object: 'Object Repository/Home Page/Court of Appeals/Appeals Monthly Summary (JS-30)' is clicked on

2020-11-30 16:46:13 - [MESSAGE][PASSED] - Object: 'Object Repository/Home Page/Court of Appeals/Appeals Monthly Summary (JS-30)' is clicked on

2020-11-30 16:46:13 - [TEST_STEP][PASSED] - click(findTestObject("Object Repository/Home Page/Court of Appeals/Home icon")): Object: 'Object Repository/Home Page/Court of Appeals/Home icon' is clicked on

2020-11-30 16:46:14 - [MESSAGE][PASSED] - Object: 'Object Repository/Home Page/Court of Appeals/Home icon' is clicked on

2020-11-30 16:46:14 - [TEST_STEP][PASSED] - click(findTestObject("Home Page/Court of Appeals/Writs of Certiorari (JS-31)")): Object: 'Object Repository/Home Page/Court of Appeals/Writs of Certiorari (JS-31)' is clicked on

2020-11-30 16:46:15 - [MESSAGE][PASSED] - Object: 'Object Repository/Home Page/Court of Appeals/Writs of Certiorari (JS-31)' is clicked on

2020-11-30 16:46:15 - [TEST_STEP][PASSED] - click(findTestObject("Object Repository/Home Page/Court of Appeals/Home icon")): Object: 'Object Repository/Home Page/Court of Appeals/Home icon' is clicked on

2020-11-30 16:46:15 - [MESSAGE][PASSED] - Object: 'Object Repository/Home Page/Court of Appeals/Home icon' is clicked on

2020-11-30 16:46:15 - [TEST_STEP][PASSED] - click(findTestObject("Home Page/Court of Appeals/Report on Complaint Under Title 28 USC Section 351-364 (JS-60)")): Unable to find the element located by 'By.cssSelector: div.currentPage:nth-child(2) div.container-fluid div.col-md-12 div.panel-group div.panel.panel-default.panel-responsive div.panel.panel-primary.panel-responsive div.panel-body div.col-md-12:nth-child(2) div.row div.col-md-8 div.well ul:nth-child(4) li:nth-child(5) > a:nth-child(1)'. Please recheck the objects properties to make sure the desired element is located. 

2020-11-30 16:46:46 - [MESSAGE][INFO] - Unable to find the element located by 'By.cssSelector: div.currentPage:nth-child(2) div.container-fluid div.col-md-12 div.panel-group div.panel.panel-default.panel-responsive div.panel.panel-primary.panel-responsive div.panel-body div.col-md-12:nth-child(2) div.row div.col-md-8 div.well ul:nth-child(4) li:nth-child(5) > a:nth-child(1)'. Please recheck the objects properties to make sure the desired element is located.]]></system-out>
         <system-err><![CDATA[2020-11-30 16:46:00 - [TEST_CASE][ERROR] - Test Cases/Home Page Test Case: Test Cases/Home Page Test Case FAILED.
Reason:
java.lang.RuntimeException: Unexpected result for screenshot command: null
	at org.openqa.selenium.remote.RemoteWebDriver.getScreenshotAs(RemoteWebDriver.java:304)
	at org.openqa.selenium.support.events.EventFiringWebDriver.lambda$new$1(EventFiringWebDriver.java:105)
	at com.sun.proxy.$Proxy9.getScreenshotAs(Unknown Source)
	at org.openqa.selenium.support.events.EventFiringWebDriver.getScreenshotAs(EventFiringWebDriver.java:302)
	at com.kms.katalon.core.webui.helper.screenshot.WebUIScreenCaptor.take(WebUIScreenCaptor.java:26)
	at com.kms.katalon.core.helper.screenshot.ScreenCaptor.takeScreenshotAndGetAttributes(ScreenCaptor.java:37)
	at com.kms.katalon.core.webui.keyword.internal.WebUIKeywordMain.stepFailed(WebUIKeywordMain.groovy:64)
	at com.kms.katalon.core.webui.keyword.internal.WebUIKeywordMain.runKeyword(WebUIKeywordMain.groovy:26)
	at com.kms.katalon.core.webui.keyword.builtin.ClickKeyword.click(ClickKeyword.groovy:76)
	at com.kms.katalon.core.webui.keyword.builtin.ClickKeyword.execute(ClickKeyword.groovy:43)
	at com.kms.katalon.core.keyword.internal.KeywordExecutor.executeKeywordForPlatform(KeywordExecutor.groovy:73)
	at com.kms.katalon.core.webui.keyword.WebUiBuiltInKeywords.click(WebUiBuiltInKeywords.groovy:617)
	at com.kms.katalon.core.webui.keyword.WebUiBuiltInKeywords$click$1.call(Unknown Source)
	at Home Page Test Case.run(Home Page Test Case:74)
	at com.kms.katalon.core.main.ScriptEngine.run(ScriptEngine.java:194)
	at com.kms.katalon.core.main.ScriptEngine.runScriptAsRawText(ScriptEngine.java:119)
	at com.kms.katalon.core.main.TestCaseExecutor.runScript(TestCaseExecutor.java:339)
	at com.kms.katalon.core.main.TestCaseExecutor.doExecute(TestCaseExecutor.java:330)
	at com.kms.katalon.core.main.TestCaseExecutor.processExecutionPhase(TestCaseExecutor.java:309)
	at com.kms.katalon.core.main.TestCaseExecutor.accessMainPhase(TestCaseExecutor.java:301)
	at com.kms.katalon.core.main.TestCaseExecutor.execute(TestCaseExecutor.java:235)
	at com.kms.katalon.core.main.TestSuiteExecutor.accessTestCaseMainPhase(TestSuiteExecutor.java:191)
	at com.kms.katalon.core.main.TestSuiteExecutor.accessTestSuiteMainPhase(TestSuiteExecutor.java:141)
	at com.kms.katalon.core.main.TestSuiteExecutor.execute(TestSuiteExecutor.java:90)
	at com.kms.katalon.core.main.TestCaseMain.startTestSuite(TestCaseMain.java:157)
	at com.kms.katalon.core.main.TestCaseMain$startTestSuite$0.call(Unknown Source)
	at TempTestSuite1606772744322.run(TempTestSuite1606772744322.groovy:39)]]></system-err>
      </testcase>
      <system-out><![CDATA[2020-11-30 16:45:47 - [TEST_SUITE][ERROR] - SEF Test Suite-1: Test Cases/Home Page Test Case FAILED.
Reason:
java.lang.RuntimeException: Unexpected result for screenshot command: null
	at org.openqa.selenium.remote.RemoteWebDriver.getScreenshotAs(RemoteWebDriver.java:304)
	at org.openqa.selenium.support.events.EventFiringWebDriver.lambda$new$1(EventFiringWebDriver.java:105)
	at com.sun.proxy.$Proxy9.getScreenshotAs(Unknown Source)
	at org.openqa.selenium.support.events.EventFiringWebDriver.getScreenshotAs(EventFiringWebDriver.java:302)
	at com.kms.katalon.core.webui.helper.screenshot.WebUIScreenCaptor.take(WebUIScreenCaptor.java:26)
	at com.kms.katalon.core.helper.screenshot.ScreenCaptor.takeScreenshotAndGetAttributes(ScreenCaptor.java:37)
	at com.kms.katalon.core.webui.keyword.internal.WebUIKeywordMain.stepFailed(WebUIKeywordMain.groovy:64)
	at com.kms.katalon.core.webui.keyword.internal.WebUIKeywordMain.runKeyword(WebUIKeywordMain.groovy:26)
	at com.kms.katalon.core.webui.keyword.builtin.ClickKeyword.click(ClickKeyword.groovy:76)
	at com.kms.katalon.core.webui.keyword.builtin.ClickKeyword.execute(ClickKeyword.groovy:43)
	at com.kms.katalon.core.keyword.internal.KeywordExecutor.executeKeywordForPlatform(KeywordExecutor.groovy:73)
	at com.kms.katalon.core.webui.keyword.WebUiBuiltInKeywords.click(WebUiBuiltInKeywords.groovy:617)
	at com.kms.katalon.core.webui.keyword.WebUiBuiltInKeywords$click$1.call(Unknown Source)
	at Home Page Test Case.run(Home Page Test Case:74)
	at com.kms.katalon.core.main.ScriptEngine.run(ScriptEngine.java:194)
	at com.kms.katalon.core.main.ScriptEngine.runScriptAsRawText(ScriptEngine.java:119)
	at com.kms.katalon.core.main.TestCaseExecutor.runScript(TestCaseExecutor.java:339)
	at com.kms.katalon.core.main.TestCaseExecutor.doExecute(TestCaseExecutor.java:330)
	at com.kms.katalon.core.main.TestCaseExecutor.processExecutionPhase(TestCaseExecutor.java:309)
	at com.kms.katalon.core.main.TestCaseExecutor.accessMainPhase(TestCaseExecutor.java:301)
	at com.kms.katalon.core.main.TestCaseExecutor.execute(TestCaseExecutor.java:235)
	at com.kms.katalon.core.main.TestSuiteExecutor.accessTestCaseMainPhase(TestSuiteExecutor.java:191)
	at com.kms.katalon.core.main.TestSuiteExecutor.accessTestSuiteMainPhase(TestSuiteExecutor.java:141)
	at com.kms.katalon.core.main.TestSuiteExecutor.execute(TestSuiteExecutor.java:90)
	at com.kms.katalon.core.main.TestCaseMain.startTestSuite(TestCaseMain.java:157)
	at com.kms.katalon.core.main.TestCaseMain$startTestSuite$0.call(Unknown Source)
	at TempTestSuite1606772744322.run(TempTestSuite1606772744322.groovy:39)]]></system-out>
      <system-err><![CDATA[2020-11-30 16:45:47 - [TEST_SUITE][ERROR] - SEF Test Suite-1: Test Cases/Home Page Test Case FAILED.
Reason:
java.lang.RuntimeException: Unexpected result for screenshot command: null
	at org.openqa.selenium.remote.RemoteWebDriver.getScreenshotAs(RemoteWebDriver.java:304)
	at org.openqa.selenium.support.events.EventFiringWebDriver.lambda$new$1(EventFiringWebDriver.java:105)
	at com.sun.proxy.$Proxy9.getScreenshotAs(Unknown Source)
	at org.openqa.selenium.support.events.EventFiringWebDriver.getScreenshotAs(EventFiringWebDriver.java:302)
	at com.kms.katalon.core.webui.helper.screenshot.WebUIScreenCaptor.take(WebUIScreenCaptor.java:26)
	at com.kms.katalon.core.helper.screenshot.ScreenCaptor.takeScreenshotAndGetAttributes(ScreenCaptor.java:37)
	at com.kms.katalon.core.webui.keyword.internal.WebUIKeywordMain.stepFailed(WebUIKeywordMain.groovy:64)
	at com.kms.katalon.core.webui.keyword.internal.WebUIKeywordMain.runKeyword(WebUIKeywordMain.groovy:26)
	at com.kms.katalon.core.webui.keyword.builtin.ClickKeyword.click(ClickKeyword.groovy:76)
	at com.kms.katalon.core.webui.keyword.builtin.ClickKeyword.execute(ClickKeyword.groovy:43)
	at com.kms.katalon.core.keyword.internal.KeywordExecutor.executeKeywordForPlatform(KeywordExecutor.groovy:73)
	at com.kms.katalon.core.webui.keyword.WebUiBuiltInKeywords.click(WebUiBuiltInKeywords.groovy:617)
	at com.kms.katalon.core.webui.keyword.WebUiBuiltInKeywords$click$1.call(Unknown Source)
	at Home Page Test Case.run(Home Page Test Case:74)
	at com.kms.katalon.core.main.ScriptEngine.run(ScriptEngine.java:194)
	at com.kms.katalon.core.main.ScriptEngine.runScriptAsRawText(ScriptEngine.java:119)
	at com.kms.katalon.core.main.TestCaseExecutor.runScript(TestCaseExecutor.java:339)
	at com.kms.katalon.core.main.TestCaseExecutor.doExecute(TestCaseExecutor.java:330)
	at com.kms.katalon.core.main.TestCaseExecutor.processExecutionPhase(TestCaseExecutor.java:309)
	at com.kms.katalon.core.main.TestCaseExecutor.accessMainPhase(TestCaseExecutor.java:301)
	at com.kms.katalon.core.main.TestCaseExecutor.execute(TestCaseExecutor.java:235)
	at com.kms.katalon.core.main.TestSuiteExecutor.accessTestCaseMainPhase(TestSuiteExecutor.java:191)
	at com.kms.katalon.core.main.TestSuiteExecutor.accessTestSuiteMainPhase(TestSuiteExecutor.java:141)
	at com.kms.katalon.core.main.TestSuiteExecutor.execute(TestSuiteExecutor.java:90)
	at com.kms.katalon.core.main.TestCaseMain.startTestSuite(TestCaseMain.java:157)
	at com.kms.katalon.core.main.TestCaseMain$startTestSuite$0.call(Unknown Source)
	at TempTestSuite1606772744322.run(TempTestSuite1606772744322.groovy:39)]]></system-err>
   </testsuite>
</testsuites>
