<?xml version="1.0" encoding="UTF-8"?>
<testsuites name="SEF Test Suite-1" time="62.337" tests="2" failures="1" errors="0">
   <testsuite name="SEF Test Suite-1" tests="2" failures="1" errors="0" time="62.337" timestamp="2020-11-24 16:15:31" hostname="KanakaDwaraKanath - DWARAKANATHPC10.usc.ao.dcn" id="Test Suites/SEF Test Suite-1">
      <properties>
         <property name="deviceName" value=""/>
         <property name="devicePlatform" value=""/>
         <property name="logFolder" value="C:\\Katalon\\KatalonGitTestRepo1\\Reports\\20201124_161528\\SEF Test Suite-1\\20201124_161528"/>
         <property name="logFiles" value="C:\\Katalon\\KatalonGitTestRepo1\\Reports\\20201124_161528\\SEF Test Suite-1\\20201124_161528\\execution0.log"/>
         <property name="attachments" value="C:\\Katalon\\KatalonGitTestRepo1\\Reports\\20201124_161528\\SEF Test Suite-1\\20201124_161528\\1606252592154.png"/>
         <property name="hostName" value="KanakaDwaraKanath - DWARAKANATHPC10.usc.ao.dcn"/>
         <property name="os" value="Windows 10 64bit"/>
         <property name="katalonVersion" value="7.7.2.205"/>
         <property name="browser" value="Chrome 87.0.4280.66"/>
         <property name="hostAddress" value="10.222.198.37"/>
         <property name="sessionId" value="efdeed26c788ab61e5d79eba399ca6f8"/>
         <property name="seleniumVersion" value="3.141.59"/>
         <property name="proxyInformation" value="ProxyInformation { proxyOption=NO_PROXY, proxyServerType=HTTP, username=, password=********, proxyServerAddress=, proxyServerPort=0, executionList=&quot;&quot;, isApplyToDesiredCapabilities=true }"/>
         <property name="platform" value="Windows 10"/>
      </properties>
      <testcase name="Test Cases/Login Page Test Case" time="9.879" classname="Test Cases/Login Page Test Case" status="PASSED">
         <system-out><![CDATA[2020-11-24 16:15:32 - [TEST_CASE][PASSED] - Test Cases/Login Page Test Case: Test Cases/Login Page Test Case

2020-11-24 16:15:32 - [TEST_STEP][PASSED] - openBrowser("http://sefdev.jdc.ao.dcn:8181/sef/#/login"): Browser is opened with url: 'http://sefdev.jdc.ao.dcn:8181/sef/#/login'

2020-11-24 16:15:32 - [MESSAGE][INFO] - Starting 'Chrome' driver

2020-11-24 16:15:33 - [MESSAGE][INFO] - User set preference: ['useAutomationExtension', 'false']

2020-11-24 16:15:33 - [MESSAGE][INFO] - Action delay is set to 0 milliseconds

2020-11-24 16:15:40 - [MESSAGE][PASSED] - Browser is opened with url: 'http://sefdev.jdc.ao.dcn:8181/sef/#/login'

2020-11-24 16:15:40 - [TEST_STEP][PASSED] - setText(findTestObject("Login Page/UserIDTextbox"), "test"): Text 'test' is set on object 'Object Repository/Login Page/UserIDTextbox'

2020-11-24 16:15:40 - [MESSAGE][PASSED] - Text 'test' is set on object 'Object Repository/Login Page/UserIDTextbox'

2020-11-24 16:15:40 - [TEST_STEP][PASSED] - click(findTestObject("Login Page/ClearButton")): Object: 'Object Repository/Login Page/ClearButton' is clicked on

2020-11-24 16:15:40 - [MESSAGE][PASSED] - Object: 'Object Repository/Login Page/ClearButton' is clicked on

2020-11-24 16:15:40 - [TEST_STEP][PASSED] - setText(findTestObject("Login Page/UserIDTextbox"), "TESTINA"): Text 'TESTINA' is set on object 'Object Repository/Login Page/UserIDTextbox'

2020-11-24 16:15:40 - [MESSAGE][PASSED] - Text 'TESTINA' is set on object 'Object Repository/Login Page/UserIDTextbox'

2020-11-24 16:15:40 - [TEST_STEP][PASSED] - setText(findTestObject("Login Page/PasswordTextbox"), "testing"): Text 'testing' is set on object 'Object Repository/Login Page/PasswordTextbox'

2020-11-24 16:15:41 - [MESSAGE][PASSED] - Text 'testing' is set on object 'Object Repository/Login Page/PasswordTextbox'

2020-11-24 16:15:41 - [TEST_STEP][PASSED] - click(findTestObject("Login Page/LoginButton")): Object: 'Object Repository/Login Page/LoginButton' is clicked on

2020-11-24 16:15:41 - [MESSAGE][PASSED] - Object: 'Object Repository/Login Page/LoginButton' is clicked on

2020-11-24 16:15:41 - [TEST_STEP][PASSED] - closeBrowser(): Browser is closed

2020-11-24 16:15:41 - [MESSAGE][PASSED] - Browser is closed]]></system-out>
         <system-err><![CDATA[]]></system-err>
      </testcase>
      <testcase name="Test Cases/Home Page Test Case" time="50.712" classname="Test Cases/Home Page Test Case" status="FAILED">
         <failure type="FAILED" message="Test Cases/Home Page Test Case FAILED.
Reason:
com.kms.katalon.core.exception.StepFailedException: Unable to click on object 'Object Repository/Home Page/Bankruptcy/Bankruptcy Court Trials (B-102)'
	at com.kms.katalon.core.webui.keyword.internal.WebUIKeywordMain.stepFailed(WebUIKeywordMain.groovy:64)
	at com.kms.katalon.core.webui.keyword.internal.WebUIKeywordMain.runKeyword(WebUIKeywordMain.groovy:26)
	at com.kms.katalon.core.webui.keyword.builtin.ClickKeyword.click(ClickKeyword.groovy:76)
	at com.kms.katalon.core.webui.keyword.builtin.ClickKeyword.execute(ClickKeyword.groovy:43)
	at com.kms.katalon.core.keyword.internal.KeywordExecutor.executeKeywordForPlatform(KeywordExecutor.groovy:73)
	at com.kms.katalon.core.webui.keyword.WebUiBuiltInKeywords.click(WebUiBuiltInKeywords.groovy:617)
	at com.kms.katalon.core.webui.keyword.WebUiBuiltInKeywords$click$1.call(Unknown Source)
	at Home Page Test Case.run(Home Page Test Case:83)
	at com.kms.katalon.core.main.ScriptEngine.run(ScriptEngine.java:194)
	at com.kms.katalon.core.main.ScriptEngine.runScriptAsRawText(ScriptEngine.java:119)
	at com.kms.katalon.core.main.TestCaseExecutor.runScript(TestCaseExecutor.java:339)
	at com.kms.katalon.core.main.TestCaseExecutor.doExecute(TestCaseExecutor.java:330)
	at com.kms.katalon.core.main.TestCaseExecutor.processExecutionPhase(TestCaseExecutor.java:309)
	at com.kms.katalon.core.main.TestCaseExecutor.accessMainPhase(TestCaseExecutor.java:301)
	at com.kms.katalon.core.main.TestCaseExecutor.execute(TestCaseExecutor.java:235)
	at com.kms.katalon.core.main.TestSuiteExecutor.accessTestCaseMainPhase(TestSuiteExecutor.java:191)
	at com.kms.katalon.core.main.TestSuiteExecutor.accessTestSuiteMainPhase(TestSuiteExecutor.java:141)
	at com.kms.katalon.core.main.TestSuiteExecutor.execute(TestSuiteExecutor.java:90)
	at com.kms.katalon.core.main.TestCaseMain.startTestSuite(TestCaseMain.java:157)
	at com.kms.katalon.core.main.TestCaseMain$startTestSuite$0.call(Unknown Source)
	at TempTestSuite1606252528497.run(TempTestSuite1606252528497.groovy:39)
Caused by: com.kms.katalon.core.webui.exception.WebElementNotFoundException: Web element with id: 'Object Repository/Home Page/Bankruptcy/Bankruptcy Court Trials (B-102)' located by 'div.currentPage:nth-child(2) div.container-fluid div.col-md-12 div.panel-group div.panel.panel-default.panel-responsive div.panel.panel-primary.panel-responsive div.panel-body div.col-md-12:nth-child(2) div.row div.col-md-8 div.well ul:nth-child(8) li:nth-child(2) > a:nth-child(1)' not found
	at com.kms.katalon.core.webui.common.WebUiCommonHelper.findWebElement(WebUiCommonHelper.java:1368)
	at com.kms.katalon.core.webui.keyword.internal.WebUIAbstractKeyword.findWebElement(WebUIAbstractKeyword.groovy:27)
	at com.kms.katalon.core.webui.keyword.internal.WebUIAbstractKeyword.findWebElement(WebUIAbstractKeyword.groovy:26)
	at com.kms.katalon.core.webui.keyword.builtin.ClickKeyword$_click_closure1.doCall(ClickKeyword.groovy:67)
	at com.kms.katalon.core.webui.keyword.builtin.ClickKeyword$_click_closure1.call(ClickKeyword.groovy)
	at com.kms.katalon.core.webui.keyword.internal.WebUIKeywordMain.runKeyword(WebUIKeywordMain.groovy:20)
	... 19 more
"/>
         <system-out><![CDATA[2020-11-24 16:15:41 - [TEST_CASE][FAILED] - Test Cases/Home Page Test Case: Test Cases/Home Page Test Case FAILED.
Reason:
com.kms.katalon.core.exception.StepFailedException: Unable to click on object 'Object Repository/Home Page/Bankruptcy/Bankruptcy Court Trials (B-102)'
	at com.kms.katalon.core.webui.keyword.internal.WebUIKeywordMain.stepFailed(WebUIKeywordMain.groovy:64)
	at com.kms.katalon.core.webui.keyword.internal.WebUIKeywordMain.runKeyword(WebUIKeywordMain.groovy:26)
	at com.kms.katalon.core.webui.keyword.builtin.ClickKeyword.click(ClickKeyword.groovy:76)
	at com.kms.katalon.core.webui.keyword.builtin.ClickKeyword.execute(ClickKeyword.groovy:43)
	at com.kms.katalon.core.keyword.internal.KeywordExecutor.executeKeywordForPlatform(KeywordExecutor.groovy:73)
	at com.kms.katalon.core.webui.keyword.WebUiBuiltInKeywords.click(WebUiBuiltInKeywords.groovy:617)
	at com.kms.katalon.core.webui.keyword.WebUiBuiltInKeywords$click$1.call(Unknown Source)
	at Home Page Test Case.run(Home Page Test Case:83)
	at com.kms.katalon.core.main.ScriptEngine.run(ScriptEngine.java:194)
	at com.kms.katalon.core.main.ScriptEngine.runScriptAsRawText(ScriptEngine.java:119)
	at com.kms.katalon.core.main.TestCaseExecutor.runScript(TestCaseExecutor.java:339)
	at com.kms.katalon.core.main.TestCaseExecutor.doExecute(TestCaseExecutor.java:330)
	at com.kms.katalon.core.main.TestCaseExecutor.processExecutionPhase(TestCaseExecutor.java:309)
	at com.kms.katalon.core.main.TestCaseExecutor.accessMainPhase(TestCaseExecutor.java:301)
	at com.kms.katalon.core.main.TestCaseExecutor.execute(TestCaseExecutor.java:235)
	at com.kms.katalon.core.main.TestSuiteExecutor.accessTestCaseMainPhase(TestSuiteExecutor.java:191)
	at com.kms.katalon.core.main.TestSuiteExecutor.accessTestSuiteMainPhase(TestSuiteExecutor.java:141)
	at com.kms.katalon.core.main.TestSuiteExecutor.execute(TestSuiteExecutor.java:90)
	at com.kms.katalon.core.main.TestCaseMain.startTestSuite(TestCaseMain.java:157)
	at com.kms.katalon.core.main.TestCaseMain$startTestSuite$0.call(Unknown Source)
	at TempTestSuite1606252528497.run(TempTestSuite1606252528497.groovy:39)
Caused by: com.kms.katalon.core.webui.exception.WebElementNotFoundException: Web element with id: 'Object Repository/Home Page/Bankruptcy/Bankruptcy Court Trials (B-102)' located by 'div.currentPage:nth-child(2) div.container-fluid div.col-md-12 div.panel-group div.panel.panel-default.panel-responsive div.panel.panel-primary.panel-responsive div.panel-body div.col-md-12:nth-child(2) div.row div.col-md-8 div.well ul:nth-child(8) li:nth-child(2) > a:nth-child(1)' not found
	at com.kms.katalon.core.webui.common.WebUiCommonHelper.findWebElement(WebUiCommonHelper.java:1368)
	at com.kms.katalon.core.webui.keyword.internal.WebUIAbstractKeyword.findWebElement(WebUIAbstractKeyword.groovy:27)
	at com.kms.katalon.core.webui.keyword.internal.WebUIAbstractKeyword.findWebElement(WebUIAbstractKeyword.groovy:26)
	at com.kms.katalon.core.webui.keyword.builtin.ClickKeyword$_click_closure1.doCall(ClickKeyword.groovy:67)
	at com.kms.katalon.core.webui.keyword.builtin.ClickKeyword$_click_closure1.call(ClickKeyword.groovy)
	at com.kms.katalon.core.webui.keyword.internal.WebUIKeywordMain.runKeyword(WebUIKeywordMain.groovy:20)
	... 19 more


2020-11-24 16:15:42 - [TEST_STEP][PASSED] - openBrowser("http://sefdev.jdc.ao.dcn:8181/sef/#/login"): Browser is opened with url: 'http://sefdev.jdc.ao.dcn:8181/sef/#/login'

2020-11-24 16:15:42 - [MESSAGE][INFO] - Starting 'Chrome' driver

2020-11-24 16:15:42 - [MESSAGE][INFO] - User set preference: ['useAutomationExtension', 'false']

2020-11-24 16:15:42 - [MESSAGE][INFO] - Action delay is set to 0 milliseconds

2020-11-24 16:15:47 - [MESSAGE][PASSED] - Browser is opened with url: 'http://sefdev.jdc.ao.dcn:8181/sef/#/login'

2020-11-24 16:15:47 - [TEST_STEP][PASSED] - setText(findTestObject("Login Page/UserIDTextbox"), "TESTA"): Text 'TESTA' is set on object 'Object Repository/Login Page/UserIDTextbox'

2020-11-24 16:15:48 - [MESSAGE][PASSED] - Text 'TESTA' is set on object 'Object Repository/Login Page/UserIDTextbox'

2020-11-24 16:15:48 - [TEST_STEP][PASSED] - setText(findTestObject("Login Page/PasswordTextbox"), "testing"): Text 'testing' is set on object 'Object Repository/Login Page/PasswordTextbox'

2020-11-24 16:15:48 - [MESSAGE][PASSED] - Text 'testing' is set on object 'Object Repository/Login Page/PasswordTextbox'

2020-11-24 16:15:48 - [TEST_STEP][PASSED] - click(findTestObject("Login Page/LoginButton")): Object: 'Object Repository/Login Page/LoginButton' is clicked on

2020-11-24 16:15:48 - [MESSAGE][PASSED] - Object: 'Object Repository/Login Page/LoginButton' is clicked on

2020-11-24 16:15:48 - [TEST_STEP][PASSED] - verifyElementText(findTestObject("Object Repository/Home Page/SEF Title"), "Statistics Electronic Forms (SEF)"): Actual text and expected text of test object 'Object Repository/Home Page/SEF Title' are matched.

2020-11-24 16:15:48 - [MESSAGE][PASSED] - Actual text and expected text of test object 'Object Repository/Home Page/SEF Title' are matched.

2020-11-24 16:15:48 - [TEST_STEP][PASSED] - verifyElementText(findTestObject("Object Repository/Home Page/Court of Appeals/Court of Appeals"), "Courts of Appeals"): Actual text and expected text of test object 'Object Repository/Home Page/Court of Appeals/Court of Appeals' are matched.

2020-11-24 16:15:49 - [MESSAGE][PASSED] - Actual text and expected text of test object 'Object Repository/Home Page/Court of Appeals/Court of Appeals' are matched.

2020-11-24 16:15:49 - [TEST_STEP][PASSED] - click(findTestObject("Object Repository/Home Page/Help Link")): Object: 'Object Repository/Home Page/Help Link' is clicked on

2020-11-24 16:15:49 - [MESSAGE][PASSED] - Object: 'Object Repository/Home Page/Help Link' is clicked on

2020-11-24 16:15:49 - [TEST_STEP][PASSED] - click(findTestObject("Object Repository/Home Page/Refresh Link")): Object: 'Object Repository/Home Page/Refresh Link' is clicked on

2020-11-24 16:15:49 - [MESSAGE][PASSED] - Object: 'Object Repository/Home Page/Refresh Link' is clicked on

2020-11-24 16:15:49 - [TEST_STEP][PASSED] - click(findTestObject("Object Repository/Home Page/Blank Worksheet/JS-11")): Object: 'Object Repository/Home Page/Blank Worksheet/JS-11' is clicked on

2020-11-24 16:15:49 - [MESSAGE][PASSED] - Object: 'Object Repository/Home Page/Blank Worksheet/JS-11' is clicked on

2020-11-24 16:15:49 - [TEST_STEP][PASSED] - click(findTestObject("Object Repository/Home Page/Blank Worksheet/JS-11G")): Object: 'Object Repository/Home Page/Blank Worksheet/JS-11G' is clicked on

2020-11-24 16:15:50 - [MESSAGE][PASSED] - Object: 'Object Repository/Home Page/Blank Worksheet/JS-11G' is clicked on

2020-11-24 16:15:50 - [TEST_STEP][PASSED] - click(findTestObject("Object Repository/Home Page/Blank Worksheet/JS-30")): Object: 'Object Repository/Home Page/Blank Worksheet/JS-30' is clicked on

2020-11-24 16:15:51 - [MESSAGE][PASSED] - Object: 'Object Repository/Home Page/Blank Worksheet/JS-30' is clicked on

2020-11-24 16:15:51 - [TEST_STEP][PASSED] - click(findTestObject("Object Repository/Home Page/Blank Worksheet/JS-31")): Object: 'Object Repository/Home Page/Blank Worksheet/JS-31' is clicked on

2020-11-24 16:15:52 - [MESSAGE][PASSED] - Object: 'Object Repository/Home Page/Blank Worksheet/JS-31' is clicked on

2020-11-24 16:15:52 - [TEST_STEP][PASSED] - click(findTestObject("Object Repository/Home Page/Blank Worksheet/JS-46")): Object: 'Object Repository/Home Page/Blank Worksheet/JS-46' is clicked on

2020-11-24 16:15:53 - [MESSAGE][PASSED] - Object: 'Object Repository/Home Page/Blank Worksheet/JS-46' is clicked on

2020-11-24 16:15:53 - [TEST_STEP][PASSED] - click(findTestObject("Object Repository/Home Page/Blank Worksheet/B-102")): Object: 'Object Repository/Home Page/Blank Worksheet/B-102' is clicked on

2020-11-24 16:15:54 - [MESSAGE][PASSED] - Object: 'Object Repository/Home Page/Blank Worksheet/B-102' is clicked on

2020-11-24 16:15:54 - [TEST_STEP][PASSED] - click(findTestObject("Home Page/Court of Appeals/Appeals Monthly Summary (JS-30)")): Object: 'Object Repository/Home Page/Court of Appeals/Appeals Monthly Summary (JS-30)' is clicked on

2020-11-24 16:15:54 - [MESSAGE][PASSED] - Object: 'Object Repository/Home Page/Court of Appeals/Appeals Monthly Summary (JS-30)' is clicked on

2020-11-24 16:15:54 - [TEST_STEP][PASSED] - click(findTestObject("Object Repository/Home Page/Court of Appeals/Home icon")): Object: 'Object Repository/Home Page/Court of Appeals/Home icon' is clicked on

2020-11-24 16:15:54 - [MESSAGE][PASSED] - Object: 'Object Repository/Home Page/Court of Appeals/Home icon' is clicked on

2020-11-24 16:15:54 - [TEST_STEP][PASSED] - click(findTestObject("Home Page/Court of Appeals/Writs of Certiorari (JS-31)")): Object: 'Object Repository/Home Page/Court of Appeals/Writs of Certiorari (JS-31)' is clicked on

2020-11-24 16:15:55 - [MESSAGE][PASSED] - Object: 'Object Repository/Home Page/Court of Appeals/Writs of Certiorari (JS-31)' is clicked on

2020-11-24 16:15:55 - [TEST_STEP][PASSED] - click(findTestObject("Object Repository/Home Page/Court of Appeals/Home icon")): Object: 'Object Repository/Home Page/Court of Appeals/Home icon' is clicked on

2020-11-24 16:15:56 - [MESSAGE][PASSED] - Object: 'Object Repository/Home Page/Court of Appeals/Home icon' is clicked on

2020-11-24 16:15:56 - [TEST_STEP][PASSED] - click(findTestObject("Home Page/Court of Appeals/Report on Complaint Under Title 28 USC Section 351-364 (JS-60)")): Object: 'Object Repository/Home Page/Court of Appeals/Report on Complaint Under Title 28 USC Section 351-364 (JS-60)' is clicked on

2020-11-24 16:15:56 - [MESSAGE][PASSED] - Object: 'Object Repository/Home Page/Court of Appeals/Report on Complaint Under Title 28 USC Section 351-364 (JS-60)' is clicked on

2020-11-24 16:15:56 - [TEST_STEP][PASSED] - click(findTestObject("Object Repository/Home Page/Court of Appeals/Home icon")): Object: 'Object Repository/Home Page/Court of Appeals/Home icon' is clicked on

2020-11-24 16:15:56 - [MESSAGE][PASSED] - Object: 'Object Repository/Home Page/Court of Appeals/Home icon' is clicked on

2020-11-24 16:15:56 - [TEST_STEP][PASSED] - click(findTestObject("Home Page/District Courts/District Courts- Petit Jury (JS-11)")): Object: 'Object Repository/Home Page/District Courts/District Courts- Petit Jury (JS-11)' is clicked on

2020-11-24 16:15:56 - [MESSAGE][PASSED] - Object: 'Object Repository/Home Page/District Courts/District Courts- Petit Jury (JS-11)' is clicked on

2020-11-24 16:15:56 - [TEST_STEP][PASSED] - click(findTestObject("Object Repository/Home Page/Court of Appeals/Home icon")): Object: 'Object Repository/Home Page/Court of Appeals/Home icon' is clicked on

2020-11-24 16:15:57 - [MESSAGE][PASSED] - Object: 'Object Repository/Home Page/Court of Appeals/Home icon' is clicked on

2020-11-24 16:15:57 - [TEST_STEP][PASSED] - click(findTestObject("Home Page/District Courts/District Courts- Grand Jury (JS-11G)")): Object: 'Object Repository/Home Page/District Courts/District Courts- Grand Jury (JS-11G)' is clicked on

2020-11-24 16:15:57 - [MESSAGE][PASSED] - Object: 'Object Repository/Home Page/District Courts/District Courts- Grand Jury (JS-11G)' is clicked on

2020-11-24 16:15:57 - [TEST_STEP][PASSED] - click(findTestObject("Object Repository/Home Page/Court of Appeals/Home icon")): Object: 'Object Repository/Home Page/Court of Appeals/Home icon' is clicked on

2020-11-24 16:15:57 - [MESSAGE][PASSED] - Object: 'Object Repository/Home Page/Court of Appeals/Home icon' is clicked on

2020-11-24 16:15:57 - [TEST_STEP][PASSED] - click(findTestObject("Home Page/District Courts/District Courts- Three-Judge Court (JS-46)")): Object: 'Object Repository/Home Page/District Courts/District Courts- Three-Judge Court (JS-46)' is clicked on

2020-11-24 16:15:57 - [MESSAGE][PASSED] - Object: 'Object Repository/Home Page/District Courts/District Courts- Three-Judge Court (JS-46)' is clicked on

2020-11-24 16:15:57 - [TEST_STEP][PASSED] - click(findTestObject("Object Repository/Home Page/Court of Appeals/Home icon")): Object: 'Object Repository/Home Page/Court of Appeals/Home icon' is clicked on

2020-11-24 16:15:58 - [MESSAGE][PASSED] - Object: 'Object Repository/Home Page/Court of Appeals/Home icon' is clicked on

2020-11-24 16:15:58 - [TEST_STEP][FAILED] - click(findTestObject("Home Page/Bankruptcy/Bankruptcy Court Trials (B-102)")): Unable to click on object 'Object Repository/Home Page/Bankruptcy/Bankruptcy Court Trials (B-102)' (Root cause: com.kms.katalon.core.exception.StepFailedException: Unable to click on object 'Object Repository/Home Page/Bankruptcy/Bankruptcy Court Trials (B-102)'
	at com.kms.katalon.core.webui.keyword.internal.WebUIKeywordMain.stepFailed(WebUIKeywordMain.groovy:64)
	at com.kms.katalon.core.webui.keyword.internal.WebUIKeywordMain.runKeyword(WebUIKeywordMain.groovy:26)
	at com.kms.katalon.core.webui.keyword.builtin.ClickKeyword.click(ClickKeyword.groovy:76)
	at com.kms.katalon.core.webui.keyword.builtin.ClickKeyword.execute(ClickKeyword.groovy:43)
	at com.kms.katalon.core.keyword.internal.KeywordExecutor.executeKeywordForPlatform(KeywordExecutor.groovy:73)
	at com.kms.katalon.core.webui.keyword.WebUiBuiltInKeywords.click(WebUiBuiltInKeywords.groovy:617)
	at com.kms.katalon.core.webui.keyword.WebUiBuiltInKeywords$click$1.call(Unknown Source)
	at Home Page Test Case.run(Home Page Test Case:83)
	at com.kms.katalon.core.main.ScriptEngine.run(ScriptEngine.java:194)
	at com.kms.katalon.core.main.ScriptEngine.runScriptAsRawText(ScriptEngine.java:119)
	at com.kms.katalon.core.main.TestCaseExecutor.runScript(TestCaseExecutor.java:339)
	at com.kms.katalon.core.main.TestCaseExecutor.doExecute(TestCaseExecutor.java:330)
	at com.kms.katalon.core.main.TestCaseExecutor.processExecutionPhase(TestCaseExecutor.java:309)
	at com.kms.katalon.core.main.TestCaseExecutor.accessMainPhase(TestCaseExecutor.java:301)
	at com.kms.katalon.core.main.TestCaseExecutor.execute(TestCaseExecutor.java:235)
	at com.kms.katalon.core.main.TestSuiteExecutor.accessTestCaseMainPhase(TestSuiteExecutor.java:191)
	at com.kms.katalon.core.main.TestSuiteExecutor.accessTestSuiteMainPhase(TestSuiteExecutor.java:141)
	at com.kms.katalon.core.main.TestSuiteExecutor.execute(TestSuiteExecutor.java:90)
	at com.kms.katalon.core.main.TestCaseMain.startTestSuite(TestCaseMain.java:157)
	at com.kms.katalon.core.main.TestCaseMain$startTestSuite$0.call(Unknown Source)
	at TempTestSuite1606252528497.run(TempTestSuite1606252528497.groovy:39)
Caused by: com.kms.katalon.core.webui.exception.WebElementNotFoundException: Web element with id: 'Object Repository/Home Page/Bankruptcy/Bankruptcy Court Trials (B-102)' located by 'div.currentPage:nth-child(2) div.container-fluid div.col-md-12 div.panel-group div.panel.panel-default.panel-responsive div.panel.panel-primary.panel-responsive div.panel-body div.col-md-12:nth-child(2) div.row div.col-md-8 div.well ul:nth-child(8) li:nth-child(2) > a:nth-child(1)' not found
	at com.kms.katalon.core.webui.common.WebUiCommonHelper.findWebElement(WebUiCommonHelper.java:1368)
	at com.kms.katalon.core.webui.keyword.internal.WebUIAbstractKeyword.findWebElement(WebUIAbstractKeyword.groovy:27)
	at com.kms.katalon.core.webui.keyword.internal.WebUIAbstractKeyword.findWebElement(WebUIAbstractKeyword.groovy:26)
	at com.kms.katalon.core.webui.keyword.builtin.ClickKeyword$_click_closure1.doCall(ClickKeyword.groovy:67)
	at com.kms.katalon.core.webui.keyword.builtin.ClickKeyword$_click_closure1.call(ClickKeyword.groovy)
	at com.kms.katalon.core.webui.keyword.internal.WebUIKeywordMain.runKeyword(WebUIKeywordMain.groovy:20)
	at com.kms.katalon.core.webui.keyword.builtin.ClickKeyword.click(ClickKeyword.groovy:76)
	at com.kms.katalon.core.webui.keyword.builtin.ClickKeyword.execute(ClickKeyword.groovy:43)
	at com.kms.katalon.core.keyword.internal.KeywordExecutor.executeKeywordForPlatform(KeywordExecutor.groovy:73)
	at com.kms.katalon.core.webui.keyword.WebUiBuiltInKeywords.click(WebUiBuiltInKeywords.groovy:617)
	at com.kms.katalon.core.webui.keyword.WebUiBuiltInKeywords$click$1.call(Unknown Source)
	at Script1604522661472.run(Script1604522661472.groovy:83)
	... 13 more
)

2020-11-24 16:16:29 - [MESSAGE][INFO] - Unable to find the element located by 'By.cssSelector: div.currentPage:nth-child(2) div.container-fluid div.col-md-12 div.panel-group div.panel.panel-default.panel-responsive div.panel.panel-primary.panel-responsive div.panel-body div.col-md-12:nth-child(2) div.row div.col-md-8 div.well ul:nth-child(8) li:nth-child(2) > a:nth-child(1)'. Please recheck the objects properties to make sure the desired element is located. 

2020-11-24 16:16:29 - [MESSAGE][WARNING] - [SELF-HEALING] Failed to find element with id 'Object Repository/Home Page/Bankruptcy/Bankruptcy Court Trials (B-102)'. Try using Self-healing.

2020-11-24 16:16:30 - [MESSAGE][INFO] - Unable to find the element located by 'By.xpath: '. Please recheck the objects properties to make sure the desired element is located. 

2020-11-24 16:16:31 - [MESSAGE][INFO] - [SELF-HEALING] No working XPath is found.

2020-11-24 16:16:32 - [MESSAGE][INFO] - Unable to find the element located by 'By.xpath: '. Please recheck the objects properties to make sure the desired element is located. 

2020-11-24 16:16:32 - [MESSAGE][FAILED] - Unable to click on object 'Object Repository/Home Page/Bankruptcy/Bankruptcy Court Trials (B-102)' (Root cause: com.kms.katalon.core.exception.StepFailedException: Unable to click on object 'Object Repository/Home Page/Bankruptcy/Bankruptcy Court Trials (B-102)'
	at com.kms.katalon.core.webui.keyword.internal.WebUIKeywordMain.stepFailed(WebUIKeywordMain.groovy:64)
	at com.kms.katalon.core.webui.keyword.internal.WebUIKeywordMain.runKeyword(WebUIKeywordMain.groovy:26)
	at com.kms.katalon.core.webui.keyword.builtin.ClickKeyword.click(ClickKeyword.groovy:76)
	at com.kms.katalon.core.webui.keyword.builtin.ClickKeyword.execute(ClickKeyword.groovy:43)
	at com.kms.katalon.core.keyword.internal.KeywordExecutor.executeKeywordForPlatform(KeywordExecutor.groovy:73)
	at com.kms.katalon.core.webui.keyword.WebUiBuiltInKeywords.click(WebUiBuiltInKeywords.groovy:617)
	at com.kms.katalon.core.webui.keyword.WebUiBuiltInKeywords$click$1.call(Unknown Source)
	at Home Page Test Case.run(Home Page Test Case:83)
	at com.kms.katalon.core.main.ScriptEngine.run(ScriptEngine.java:194)
	at com.kms.katalon.core.main.ScriptEngine.runScriptAsRawText(ScriptEngine.java:119)
	at com.kms.katalon.core.main.TestCaseExecutor.runScript(TestCaseExecutor.java:339)
	at com.kms.katalon.core.main.TestCaseExecutor.doExecute(TestCaseExecutor.java:330)
	at com.kms.katalon.core.main.TestCaseExecutor.processExecutionPhase(TestCaseExecutor.java:309)
	at com.kms.katalon.core.main.TestCaseExecutor.accessMainPhase(TestCaseExecutor.java:301)
	at com.kms.katalon.core.main.TestCaseExecutor.execute(TestCaseExecutor.java:235)
	at com.kms.katalon.core.main.TestSuiteExecutor.accessTestCaseMainPhase(TestSuiteExecutor.java:191)
	at com.kms.katalon.core.main.TestSuiteExecutor.accessTestSuiteMainPhase(TestSuiteExecutor.java:141)
	at com.kms.katalon.core.main.TestSuiteExecutor.execute(TestSuiteExecutor.java:90)
	at com.kms.katalon.core.main.TestCaseMain.startTestSuite(TestCaseMain.java:157)
	at com.kms.katalon.core.main.TestCaseMain$startTestSuite$0.call(Unknown Source)
	at TempTestSuite1606252528497.run(TempTestSuite1606252528497.groovy:39)
Caused by: com.kms.katalon.core.webui.exception.WebElementNotFoundException: Web element with id: 'Object Repository/Home Page/Bankruptcy/Bankruptcy Court Trials (B-102)' located by 'div.currentPage:nth-child(2) div.container-fluid div.col-md-12 div.panel-group div.panel.panel-default.panel-responsive div.panel.panel-primary.panel-responsive div.panel-body div.col-md-12:nth-child(2) div.row div.col-md-8 div.well ul:nth-child(8) li:nth-child(2) > a:nth-child(1)' not found
	at com.kms.katalon.core.webui.common.WebUiCommonHelper.findWebElement(WebUiCommonHelper.java:1368)
	at com.kms.katalon.core.webui.keyword.internal.WebUIAbstractKeyword.findWebElement(WebUIAbstractKeyword.groovy:27)
	at com.kms.katalon.core.webui.keyword.internal.WebUIAbstractKeyword.findWebElement(WebUIAbstractKeyword.groovy:26)
	at com.kms.katalon.core.webui.keyword.builtin.ClickKeyword$_click_closure1.doCall(ClickKeyword.groovy:67)
	at com.kms.katalon.core.webui.keyword.builtin.ClickKeyword$_click_closure1.call(ClickKeyword.groovy)
	at com.kms.katalon.core.webui.keyword.internal.WebUIKeywordMain.runKeyword(WebUIKeywordMain.groovy:20)
	at com.kms.katalon.core.webui.keyword.builtin.ClickKeyword.click(ClickKeyword.groovy:76)
	at com.kms.katalon.core.webui.keyword.builtin.ClickKeyword.execute(ClickKeyword.groovy:43)
	at com.kms.katalon.core.keyword.internal.KeywordExecutor.executeKeywordForPlatform(KeywordExecutor.groovy:73)
	at com.kms.katalon.core.webui.keyword.WebUiBuiltInKeywords.click(WebUiBuiltInKeywords.groovy:617)
	at com.kms.katalon.core.webui.keyword.WebUiBuiltInKeywords$click$1.call(Unknown Source)
	at Script1604522661472.run(Script1604522661472.groovy:83)
	... 13 more
)
[[ATTACHMENT|C:\\Katalon\\KatalonGitTestRepo1\\Reports\\20201124_161528\\SEF Test Suite-1\\20201124_161528\\1606252592154.png]]]]></system-out>
         <system-err><![CDATA[2020-11-24 16:15:41 - [TEST_CASE][FAILED] - Test Cases/Home Page Test Case: Test Cases/Home Page Test Case FAILED.
Reason:
com.kms.katalon.core.exception.StepFailedException: Unable to click on object 'Object Repository/Home Page/Bankruptcy/Bankruptcy Court Trials (B-102)'
	at com.kms.katalon.core.webui.keyword.internal.WebUIKeywordMain.stepFailed(WebUIKeywordMain.groovy:64)
	at com.kms.katalon.core.webui.keyword.internal.WebUIKeywordMain.runKeyword(WebUIKeywordMain.groovy:26)
	at com.kms.katalon.core.webui.keyword.builtin.ClickKeyword.click(ClickKeyword.groovy:76)
	at com.kms.katalon.core.webui.keyword.builtin.ClickKeyword.execute(ClickKeyword.groovy:43)
	at com.kms.katalon.core.keyword.internal.KeywordExecutor.executeKeywordForPlatform(KeywordExecutor.groovy:73)
	at com.kms.katalon.core.webui.keyword.WebUiBuiltInKeywords.click(WebUiBuiltInKeywords.groovy:617)
	at com.kms.katalon.core.webui.keyword.WebUiBuiltInKeywords$click$1.call(Unknown Source)
	at Home Page Test Case.run(Home Page Test Case:83)
	at com.kms.katalon.core.main.ScriptEngine.run(ScriptEngine.java:194)
	at com.kms.katalon.core.main.ScriptEngine.runScriptAsRawText(ScriptEngine.java:119)
	at com.kms.katalon.core.main.TestCaseExecutor.runScript(TestCaseExecutor.java:339)
	at com.kms.katalon.core.main.TestCaseExecutor.doExecute(TestCaseExecutor.java:330)
	at com.kms.katalon.core.main.TestCaseExecutor.processExecutionPhase(TestCaseExecutor.java:309)
	at com.kms.katalon.core.main.TestCaseExecutor.accessMainPhase(TestCaseExecutor.java:301)
	at com.kms.katalon.core.main.TestCaseExecutor.execute(TestCaseExecutor.java:235)
	at com.kms.katalon.core.main.TestSuiteExecutor.accessTestCaseMainPhase(TestSuiteExecutor.java:191)
	at com.kms.katalon.core.main.TestSuiteExecutor.accessTestSuiteMainPhase(TestSuiteExecutor.java:141)
	at com.kms.katalon.core.main.TestSuiteExecutor.execute(TestSuiteExecutor.java:90)
	at com.kms.katalon.core.main.TestCaseMain.startTestSuite(TestCaseMain.java:157)
	at com.kms.katalon.core.main.TestCaseMain$startTestSuite$0.call(Unknown Source)
	at TempTestSuite1606252528497.run(TempTestSuite1606252528497.groovy:39)
Caused by: com.kms.katalon.core.webui.exception.WebElementNotFoundException: Web element with id: 'Object Repository/Home Page/Bankruptcy/Bankruptcy Court Trials (B-102)' located by 'div.currentPage:nth-child(2) div.container-fluid div.col-md-12 div.panel-group div.panel.panel-default.panel-responsive div.panel.panel-primary.panel-responsive div.panel-body div.col-md-12:nth-child(2) div.row div.col-md-8 div.well ul:nth-child(8) li:nth-child(2) > a:nth-child(1)' not found
	at com.kms.katalon.core.webui.common.WebUiCommonHelper.findWebElement(WebUiCommonHelper.java:1368)
	at com.kms.katalon.core.webui.keyword.internal.WebUIAbstractKeyword.findWebElement(WebUIAbstractKeyword.groovy:27)
	at com.kms.katalon.core.webui.keyword.internal.WebUIAbstractKeyword.findWebElement(WebUIAbstractKeyword.groovy:26)
	at com.kms.katalon.core.webui.keyword.builtin.ClickKeyword$_click_closure1.doCall(ClickKeyword.groovy:67)
	at com.kms.katalon.core.webui.keyword.builtin.ClickKeyword$_click_closure1.call(ClickKeyword.groovy)
	at com.kms.katalon.core.webui.keyword.internal.WebUIKeywordMain.runKeyword(WebUIKeywordMain.groovy:20)
	... 19 more]]></system-err>
      </testcase>
      <system-out><![CDATA[2020-11-24 16:15:31 - [TEST_SUITE][FAILED] - SEF Test Suite-1: Test Cases/Home Page Test Case FAILED.
Reason:
com.kms.katalon.core.exception.StepFailedException: Unable to click on object 'Object Repository/Home Page/Bankruptcy/Bankruptcy Court Trials (B-102)'
	at com.kms.katalon.core.webui.keyword.internal.WebUIKeywordMain.stepFailed(WebUIKeywordMain.groovy:64)
	at com.kms.katalon.core.webui.keyword.internal.WebUIKeywordMain.runKeyword(WebUIKeywordMain.groovy:26)
	at com.kms.katalon.core.webui.keyword.builtin.ClickKeyword.click(ClickKeyword.groovy:76)
	at com.kms.katalon.core.webui.keyword.builtin.ClickKeyword.execute(ClickKeyword.groovy:43)
	at com.kms.katalon.core.keyword.internal.KeywordExecutor.executeKeywordForPlatform(KeywordExecutor.groovy:73)
	at com.kms.katalon.core.webui.keyword.WebUiBuiltInKeywords.click(WebUiBuiltInKeywords.groovy:617)
	at com.kms.katalon.core.webui.keyword.WebUiBuiltInKeywords$click$1.call(Unknown Source)
	at Home Page Test Case.run(Home Page Test Case:83)
	at com.kms.katalon.core.main.ScriptEngine.run(ScriptEngine.java:194)
	at com.kms.katalon.core.main.ScriptEngine.runScriptAsRawText(ScriptEngine.java:119)
	at com.kms.katalon.core.main.TestCaseExecutor.runScript(TestCaseExecutor.java:339)
	at com.kms.katalon.core.main.TestCaseExecutor.doExecute(TestCaseExecutor.java:330)
	at com.kms.katalon.core.main.TestCaseExecutor.processExecutionPhase(TestCaseExecutor.java:309)
	at com.kms.katalon.core.main.TestCaseExecutor.accessMainPhase(TestCaseExecutor.java:301)
	at com.kms.katalon.core.main.TestCaseExecutor.execute(TestCaseExecutor.java:235)
	at com.kms.katalon.core.main.TestSuiteExecutor.accessTestCaseMainPhase(TestSuiteExecutor.java:191)
	at com.kms.katalon.core.main.TestSuiteExecutor.accessTestSuiteMainPhase(TestSuiteExecutor.java:141)
	at com.kms.katalon.core.main.TestSuiteExecutor.execute(TestSuiteExecutor.java:90)
	at com.kms.katalon.core.main.TestCaseMain.startTestSuite(TestCaseMain.java:157)
	at com.kms.katalon.core.main.TestCaseMain$startTestSuite$0.call(Unknown Source)
	at TempTestSuite1606252528497.run(TempTestSuite1606252528497.groovy:39)
Caused by: com.kms.katalon.core.webui.exception.WebElementNotFoundException: Web element with id: 'Object Repository/Home Page/Bankruptcy/Bankruptcy Court Trials (B-102)' located by 'div.currentPage:nth-child(2) div.container-fluid div.col-md-12 div.panel-group div.panel.panel-default.panel-responsive div.panel.panel-primary.panel-responsive div.panel-body div.col-md-12:nth-child(2) div.row div.col-md-8 div.well ul:nth-child(8) li:nth-child(2) > a:nth-child(1)' not found
	at com.kms.katalon.core.webui.common.WebUiCommonHelper.findWebElement(WebUiCommonHelper.java:1368)
	at com.kms.katalon.core.webui.keyword.internal.WebUIAbstractKeyword.findWebElement(WebUIAbstractKeyword.groovy:27)
	at com.kms.katalon.core.webui.keyword.internal.WebUIAbstractKeyword.findWebElement(WebUIAbstractKeyword.groovy:26)
	at com.kms.katalon.core.webui.keyword.builtin.ClickKeyword$_click_closure1.doCall(ClickKeyword.groovy:67)
	at com.kms.katalon.core.webui.keyword.builtin.ClickKeyword$_click_closure1.call(ClickKeyword.groovy)
	at com.kms.katalon.core.webui.keyword.internal.WebUIKeywordMain.runKeyword(WebUIKeywordMain.groovy:20)
	... 19 more]]></system-out>
      <system-err><![CDATA[2020-11-24 16:15:31 - [TEST_SUITE][FAILED] - SEF Test Suite-1: Test Cases/Home Page Test Case FAILED.
Reason:
com.kms.katalon.core.exception.StepFailedException: Unable to click on object 'Object Repository/Home Page/Bankruptcy/Bankruptcy Court Trials (B-102)'
	at com.kms.katalon.core.webui.keyword.internal.WebUIKeywordMain.stepFailed(WebUIKeywordMain.groovy:64)
	at com.kms.katalon.core.webui.keyword.internal.WebUIKeywordMain.runKeyword(WebUIKeywordMain.groovy:26)
	at com.kms.katalon.core.webui.keyword.builtin.ClickKeyword.click(ClickKeyword.groovy:76)
	at com.kms.katalon.core.webui.keyword.builtin.ClickKeyword.execute(ClickKeyword.groovy:43)
	at com.kms.katalon.core.keyword.internal.KeywordExecutor.executeKeywordForPlatform(KeywordExecutor.groovy:73)
	at com.kms.katalon.core.webui.keyword.WebUiBuiltInKeywords.click(WebUiBuiltInKeywords.groovy:617)
	at com.kms.katalon.core.webui.keyword.WebUiBuiltInKeywords$click$1.call(Unknown Source)
	at Home Page Test Case.run(Home Page Test Case:83)
	at com.kms.katalon.core.main.ScriptEngine.run(ScriptEngine.java:194)
	at com.kms.katalon.core.main.ScriptEngine.runScriptAsRawText(ScriptEngine.java:119)
	at com.kms.katalon.core.main.TestCaseExecutor.runScript(TestCaseExecutor.java:339)
	at com.kms.katalon.core.main.TestCaseExecutor.doExecute(TestCaseExecutor.java:330)
	at com.kms.katalon.core.main.TestCaseExecutor.processExecutionPhase(TestCaseExecutor.java:309)
	at com.kms.katalon.core.main.TestCaseExecutor.accessMainPhase(TestCaseExecutor.java:301)
	at com.kms.katalon.core.main.TestCaseExecutor.execute(TestCaseExecutor.java:235)
	at com.kms.katalon.core.main.TestSuiteExecutor.accessTestCaseMainPhase(TestSuiteExecutor.java:191)
	at com.kms.katalon.core.main.TestSuiteExecutor.accessTestSuiteMainPhase(TestSuiteExecutor.java:141)
	at com.kms.katalon.core.main.TestSuiteExecutor.execute(TestSuiteExecutor.java:90)
	at com.kms.katalon.core.main.TestCaseMain.startTestSuite(TestCaseMain.java:157)
	at com.kms.katalon.core.main.TestCaseMain$startTestSuite$0.call(Unknown Source)
	at TempTestSuite1606252528497.run(TempTestSuite1606252528497.groovy:39)
Caused by: com.kms.katalon.core.webui.exception.WebElementNotFoundException: Web element with id: 'Object Repository/Home Page/Bankruptcy/Bankruptcy Court Trials (B-102)' located by 'div.currentPage:nth-child(2) div.container-fluid div.col-md-12 div.panel-group div.panel.panel-default.panel-responsive div.panel.panel-primary.panel-responsive div.panel-body div.col-md-12:nth-child(2) div.row div.col-md-8 div.well ul:nth-child(8) li:nth-child(2) > a:nth-child(1)' not found
	at com.kms.katalon.core.webui.common.WebUiCommonHelper.findWebElement(WebUiCommonHelper.java:1368)
	at com.kms.katalon.core.webui.keyword.internal.WebUIAbstractKeyword.findWebElement(WebUIAbstractKeyword.groovy:27)
	at com.kms.katalon.core.webui.keyword.internal.WebUIAbstractKeyword.findWebElement(WebUIAbstractKeyword.groovy:26)
	at com.kms.katalon.core.webui.keyword.builtin.ClickKeyword$_click_closure1.doCall(ClickKeyword.groovy:67)
	at com.kms.katalon.core.webui.keyword.builtin.ClickKeyword$_click_closure1.call(ClickKeyword.groovy)
	at com.kms.katalon.core.webui.keyword.internal.WebUIKeywordMain.runKeyword(WebUIKeywordMain.groovy:20)
	... 19 more]]></system-err>
   </testsuite>
</testsuites>
